Arguments: 
  E:\Arquivos de Programas\nodejs\node.exe C:\Users\joao.moraes\.node\corepack\yarn\1.22.15\bin\yarn.js init -Y

PATH: 
  C:\Python310\Scripts\;C:\Python310\;C:\Python39\Scripts\;C:\Python39\;C:\Program Files\AdoptOpenJDK\jdk-8.0.242.08-hotspot\bin;C:\Program Files (x86)\Common Files\Oracle\Java\javapath;C:\Program Files (x86)\Embarcadero\Studio\21.0\bin;C:\Users\Public\Documents\Embarcadero\Studio\21.0\Bpl;C:\Program Files (x86)\Embarcadero\Studio\21.0\bin64;C:\Users\Public\Documents\Embarcadero\Studio\21.0\Bpl\Win64;C:\app\client\Administrator\product\12.2.0\client_1\bin;C:\WINDOWS\system32;C:\WINDOWS;C:\WINDOWS\System32\Wbem;C:\WINDOWS\System32\WindowsPowerShell\v1.0\;C:\WINDOWS\System32\OpenSSH\;C:\Program Files\TortoiseSVN\bin;C:\Program Files (x86)\Microsoft SQL Server\150\DTS\Binn\;E:\Arquivos de Programas\Windows Performance Toolkit\;E:\Arquivos de Programas\DevExpress\FMX\Library\RS27;E:\Arquivos de Programas\DevExpress\FMX\Library\RS27\Win64;E:\Arquivos de Programas\DevExpress\FMX\Library\RS27\Android32;E:\Arquivos de Programas\DevExpress\FMX\Library\RS27\Android64;E:\Arquivos de Programas\DevExpress\FMX\Library\RS27\iOSDevice32;E:\Arquivos de Programas\DevExpress\FMX\Library\RS27\iOSDevice64;E:\Arquivos de Programas\DevExpress\FMX\Library\RS27\iOSSimulator;E:\Arquivos de Programas\DevExpress\FMX\Library\RS27\OSX32;E:\Arquivos de Programas\DevExpress\FMX\Library\RS27\OSX64;E:\Arquivos de Programas\DevExpress\VCL\Library\RS27;E:\Arquivos de Programas\DevExpress\VCL\Library\RS27\Win64;C:\ProgramData\chocolatey\bin;C:\Program Files\Microsoft SQL Server\110\Tools\Binn\;E:\Arquivos de Programas\nodejs\;C:\Program Files\dotnet\;C:\Program Files\GitHub CLI\;C:\Program Files\PuTTY\;C:\Python310\Lib\site-packages\;C:\Users\joao.moraes\AppData\Roaming\Python\Python310\Scripts;C:\Users\joao.moraes\AppData\Local\Microsoft\WindowsApps;C:\Users\joao.moraes\AppData\Local\Programs\Microsoft VS Code\bin;C:\Users\joao.moraes\AppData\Local\Programs\Git\cmd;C:\Users\joao.moraes\AppData\Roaming\npm;C:\Users\joao.moraes\AppData\Local\Programs\Hyper\resources\bin

Yarn version: 
  1.22.15

Node version: 
  16.15.0

Platform: 
  win32 x64

Trace: 
  Error: canceled
      at Interface.<anonymous> (C:\Users\joao.moraes\.node\corepack\yarn\1.22.15\lib\cli.js:137145:13)
      at Interface.emit (node:events:527:28)
      at Interface._ttyWrite (node:readline:1081:16)
      at ReadStream.onkeypress (node:readline:288:10)
      at ReadStream.emit (node:events:527:28)
      at emitKeys (node:internal/readline/utils:358:14)
      at emitKeys.next (<anonymous>)
      at ReadStream.onData (node:internal/readline/emitKeypressEvents:61:36)
      at ReadStream.emit (node:events:527:28)
      at addChunk (node:internal/streams/readable:315:12)

npm manifest: 
  No manifest

yarn manifest: 
  No manifest

Lockfile: 
  No lockfile
